This is TeX, Version 3.1415 (C version 6.1) (format=latex 96.6.24)  25 MAR 2002 17:57
**bc
(bc.tex
LaTeX2e <1996/06/01>
Hyphenation patterns for english, german, loaded.
(/afs/rzg.mpg.de/common/soft/texmf/tex/latex/base/article.cls
Document Class: article 1996/05/26 v1.3r Standard LaTeX document class
(/afs/rzg.mpg.de/common/soft/texmf/tex/latex/base/size11.clo
File: size11.clo 1996/05/26 v1.3r Standard LaTeX file (size option)
)
\c@part=\count79
\c@section=\count80
\c@subsection=\count81
\c@subsubsection=\count82
\c@paragraph=\count83
\c@subparagraph=\count84
\c@figure=\count85
\c@table=\count86
\abovecaptionskip=\skip41
\belowcaptionskip=\skip42
\bibindent=\dimen102
)
(/afs/rzg.mpg.de/common/soft/texmf/tex/latex/ams/amssymb.sty
Package: amssymb 1995/02/01 v2.2a

(/afs/rzg.mpg.de/common/soft/texmf/tex/latex/ams/amsfonts.sty
Package: amsfonts 1995/02/01 v2.2b
\@emptytoks=\toks15
\symAMSa=\mathgroup4
\symAMSb=\mathgroup5
LaTeX Font Info:    Overwriting math alphabet `\mathfrak' in version `bold'
(Font)                  U/euf/m/n --> U/euf/b/n on input line 128.
))
(/afs/rzg.mpg.de/common/soft/texmf/tex/latex/graphics/graphicx.sty
Package: graphicx 1996/05/29 v1.0 Enhanced LaTeX Graphics (DPC,SPQR)

(/afs/rzg.mpg.de/common/soft/texmf/tex/latex/graphics/keyval.sty
Package: keyval 1995/09/21 v1.09 key=value parser (DPC)
)
(/afs/rzg.mpg.de/common/soft/texmf/tex/latex/graphics/graphics.sty
Package: graphics 1996/05/29 v1.0 Standard LaTeX Graphics (DPC,SPQR)

(/afs/rzg.mpg.de/common/soft/texmf/tex/latex/graphics/trig.sty
Package: trig 1994/10/16 v1.08 sin cos tan (DPC)
)
(/afs/rzg.mpg.de/common/soft/texmf/tex/latex/graphics/graphics.cfg)
Package graphics Info: Driver file: dvips.def on input line 82.

(/afs/rzg.mpg.de/common/soft/texmf/tex/latex/graphics/dvips.def
File: dvips.def 1995/12/04 v2.14 Driver-dependant file (DPC,SPQR)
))
\Gin@req@height=\dimen103
\Gin@req@width=\dimen104
)
(/afs/rzg.mpg.de/common/soft/texmf/tex/latex/ams/amsmath.sty
Package: amsmath 1995/02/23 v1.2b AMS math features
\@mathmargin=\skip43

(/afs/rzg.mpg.de/common/soft/texmf/tex/latex/ams/amstext.sty
Package: amstext 1995/01/25 v1.2

(/afs/rzg.mpg.de/common/soft/texmf/tex/latex/ams/amsgen.sty
File: amsgen.sty 1995/02/01 v1.2a
\@emptytoks=\toks16
\ex@=\dimen105
))
(/afs/rzg.mpg.de/common/soft/texmf/tex/latex/ams/amsbsy.sty
Package: amsbsy 1995/01/20 v1.2
\pmbraise@=\dimen106
)
(/afs/rzg.mpg.de/common/soft/texmf/tex/latex/ams/amsopn.sty
Package: amsopn 1995/02/20 v1.2a operator names
)
LaTeX Info: Redefining \frac on input line 181.
\uproot@=\count87
\leftroot@=\count88
\classnum@=\count89
\DOTSCASE@=\count90
LaTeX Info: Redefining \dots on input line 328.
LaTeX Info: Redefining \ldots on input line 411.
LaTeX Info: Redefining \cdots on input line 415.
\Mathstrutbox@=\box26
\strutbox@=\box27
\big@size=\dimen107
LaTeX Font Info:    Redeclaring font encoding OML on input line 493.
LaTeX Font Info:    Redeclaring font encoding OMS on input line 494.
\skewcharcount@=\count91
\familycount@=\count92
\pointcount@=\count93
\accentdimen@=\dimen108
\accentmu@=\count94
\minaw@=\dimen109
\c@MaxMatrixCols=\count95
\dotsspace@=\muskip10
\c@parentequation=\count96
\dspbrk@lvl=\count97
\tag@help=\toks17
\row@=\count98
\column@=\count99
\maxfields@=\count100
\andhelp@=\toks18
\eqnshift@=\dimen110
\alignsep@=\dimen111
\tagshift@=\dimen112
\tagwidth@=\dimen113
\totwidth@=\dimen114
\lineht@=\dimen115
\@envbody=\toks19
\multlinegap=\skip44
\multlinetaggap=\skip45
)
\c@theorem=\count101
 (tcilatex.tex
TCILATEX Macros for Scientific Word 2.5 <22 Dec 95>.
NOTICE: This macro file is NOT proprietary and may be freely copied and distrib
uted.
\@hour=\count102
\@minute=\count103
\GRAPHICSTYPE=\count104
\draft=\count105
\dispkind=\count106
\c@chapter=\count107
\theight=\dimen116
LaTeX Info: Redefining \rm on input line 557.
LaTeX Info: Redefining \sf on input line 558.
LaTeX Info: Redefining \tt on input line 559.
LaTeX Info: Redefining \bf on input line 560.
LaTeX Info: Redefining \it on input line 561.
LaTeX Info: Redefining \sl on input line 562.
LaTeX Info: Redefining \sc on input line 563.
(/afs/rzg.mpg.de/common/soft/texmf/tex/latex/base/latexsym.sty
Package: latexsym 1995/11/28 v2.2c Standard LaTeX package (lasy symbols)
\symlasy=\mathgroup6
LaTeX Font Info:    Overwriting symbol font `lasy' in version `bold'
(Font)                  U/lasy/m/n --> U/lasy/b/n on input line 86.
)
\c@equationnumber=\count108

amsgen already loaded) (bc.aux)
LaTeX Font Info:    Checking defaults for OML/cmm/m/it on input line 50.
LaTeX Font Info:    ... okay on input line 50.
LaTeX Font Info:    Checking defaults for T1/cmr/m/n on input line 50.
LaTeX Font Info:    ... okay on input line 50.
LaTeX Font Info:    Checking defaults for OT1/cmr/m/n on input line 50.
LaTeX Font Info:    ... okay on input line 50.
LaTeX Font Info:    Checking defaults for OMS/cmsy/m/n on input line 50.
LaTeX Font Info:    ... okay on input line 50.
LaTeX Font Info:    Checking defaults for OMX/cmex/m/n on input line 50.
LaTeX Font Info:    ... okay on input line 50.
LaTeX Font Info:    Checking defaults for U/cmr/m/n on input line 50.
LaTeX Font Info:    ... okay on input line 50.
LaTeX Font Info:    Try loading font information for U+msa on input line 54.

(/afs/rzg.mpg.de/common/soft/texmf/tex/latex/ams/Umsa.fd
File: Umsa.fd 1995/01/05 v2.2e AMS font definitions
)
LaTeX Font Info:    Try loading font information for U+msb on input line 54.

(/afs/rzg.mpg.de/common/soft/texmf/tex/latex/ams/Umsb.fd
File: Umsb.fd 1995/01/05 v2.2e AMS font definitions
)
LaTeX Font Info:    Try loading font information for U+lasy on input line 54.

(/afs/rzg.mpg.de/common/soft/texmf/tex/latex/base/Ulasy.fd
File: Ulasy.fd 1995/11/28 v2.2cLaTeX symbol font definitions
) (bc.toc [1

])
\tf@toc=\write3

[2] [3] [4] [5] [6] [7] [8] [9] [10] [11] [12] [13] [14] [15] [16]

LaTeX Warning: `h' float specifier changed to `ht'.

[17] [18] [19] [20] [21] [22] [23]
Overfull \hbox (7.95088pt too wide) in paragraph at lines 1259--1264
\OT1/cmr/m/n/10.95 All quan-ti-ties in equa-tion (129[]) should be cal-cu-lated
 at the mag-netic presheath
 []

[24] [25] [26]

LaTeX Font Warning: Command \Huge invalid in math mode on input line 1429.


LaTeX Font Warning: Command \Huge invalid in math mode on input line 1434.

[27] [28] [29] [30] [31] [32] [33]
Overfull \hbox (2.77907pt too wide) in paragraph at lines 1975--1979
\OT1/cmr/m/n/10.95 ergy equa-tion, cho-sen ac-cord-ing to the cor-re-spond-ing 
\OT1/cmtt/m/n/10.95 BCENE(1...NBC)\OT1/cmr/m/n/10.95 ) 
 []


Overfull \hbox (5.24028pt too wide) in paragraph at lines 1994--1998
[][]\OT1/cmtt/m/n/10.95 CONPAR=..., \OT1/cmr/m/n/10.95 (\OT1/cmtt/m/n/10.95 CON
PAR(1...NS, 1...NBC, 1) \OT1/cmr/m/n/10.95 and/or \OT1/cmtt/m/n/10.95 CONPAR(1.
..NS,
 []


Overfull \hbox (1.89738pt too wide) in paragraph at lines 1999--2002
\OT1/cmr/m/n/10.95 bound-ary con-di-tion for the mo-men-tum equa-tion for speci
es \OT1/cmtt/m/n/10.95 IS=1...NS\OT1/cmr/m/n/10.95 ) 
 []


Overfull \hbox (5.24028pt too wide) in paragraph at lines 2003--2007
[][]\OT1/cmtt/m/n/10.95 MOMPAR=..., \OT1/cmr/m/n/10.95 (\OT1/cmtt/m/n/10.95 MOM
PAR(1...NS, 1...NBC, 1) \OT1/cmr/m/n/10.95 and/or \OT1/cmtt/m/n/10.95 MOMPAR(1.
..NS,
 []

[34] [35]

LaTeX Font Warning: Font shape `OT1/cmtt/bx/n' in size <10.95> not available
(Font)              Font shape `OT1/cmtt/m/n' tried instead on input line 2118.


[36] [37] [38] [39] [40] [41] [42] [43] [44] [45] [46] [47] [48] [49] [50]
[51] [52] [53] [54] [55] [56] [57] [58] [59] [60] [61]
Overfull \hbox (21.62663pt too wide) in paragraph at lines 3644--3644
[]  \OT1/cmtt/m/n/10.95 BCENE=4 \OT1/cmr/bx/n/10.95 ... Pre-scribe the Value of
 the Elec-tron Tem-per-a-ture ''Weakly'',
 []

[62] [63] [64]

LaTeX Font Warning: Command \sl invalid in math mode on input line 3792.


LaTeX Font Warning: Command \sl invalid in math mode on input line 3792.


LaTeX Font Warning: Command \sl invalid in math mode on input line 3792.


LaTeX Font Warning: Command \sl invalid in math mode on input line 3808.

[65]

LaTeX Font Warning: Command \sl invalid in math mode on input line 3817.


LaTeX Font Warning: Command \sl invalid in math mode on input line 3833.


LaTeX Font Warning: Command \sl invalid in math mode on input line 3842.

[66] [67] [68] [69] [70] [71] [72] [73] [74] [75]

LaTeX Font Warning: Command \sl invalid in math mode on input line 4401.


LaTeX Font Warning: Command \sl invalid in math mode on input line 4401.


LaTeX Font Warning: Command \sl invalid in math mode on input line 4401.


LaTeX Font Warning: Command \sl invalid in math mode on input line 4417.


LaTeX Font Warning: Command \sl invalid in math mode on input line 4426.

[76]

LaTeX Font Warning: Command \sl invalid in math mode on input line 4442.


LaTeX Font Warning: Command \sl invalid in math mode on input line 4451.

[77] [78] [79] [80] [81] [82] [83] [84] [85] [86] [87] [88]
Underfull \hbox (badness 1460) in paragraph at lines 5127--5131
[][]\OT1/cmr/m/n/10.95 Baelmans, M., \OT1/cmr/m/it/10.95 Code Im-prove-ments an
d Ap-pli-ca-tions of a Two-
 []

[89] [90] (bc.aux) )
(\end occurred when \ifx on line 678 was incomplete) 
Here is how much of TeX's memory you used:
 2170 strings out of 10906
 19881 string characters out of 72041
 73404 words of memory out of 262141
 4992 multiletter control sequences out of 9500
 15502 words of font info for 61 fonts, out of 100000 for 255
 14 hyphenation exceptions out of 607
 30i,15n,28p,243b,583s stack positions out of 300i,40n,60p,3000b,4000s

Output written on bc.dvi (90 pages, 201756 bytes).
